  lab_5.cpp
c:\git\mylabs\lab_5\lab_5.cpp(18): warning C4101: name2: неиспользованная локальная переменная
c:\git\mylabs\lab_5\lab_5.cpp(74): warning C4473: "fscanf_s": передано недостаточно аргументов для строки формата
  c:\git\mylabs\lab_5\lab_5.cpp(74): note: заполнители и их параметры ожидают переменное число аргументов в количестве 2, но было предоставлено 1
  c:\git\mylabs\lab_5\lab_5.cpp(74): note: отсутствующий вариативный аргумент "2" требуется для строки форматирования "%c"
  c:\git\mylabs\lab_5\lab_5.cpp(74): note: этот аргумент используется в качестве размера буфера
c:\git\mylabs\lab_5\lab_5.cpp(83): warning C4473: "fscanf_s": передано недостаточно аргументов для строки формата
  c:\git\mylabs\lab_5\lab_5.cpp(83): note: заполнители и их параметры ожидают переменное число аргументов в количестве 2, но было предоставлено 0
  c:\git\mylabs\lab_5\lab_5.cpp(83): note: отсутствующий вариативный аргумент "1" требуется для строки форматирования "%c"
  c:\git\mylabs\lab_5\lab_5.cpp(83): note: этот аргумент используется описателем преобразования
c:\git\mylabs\lab_5\lab_5.cpp(84): warning C4473: "fscanf_s": передано недостаточно аргументов для строки формата
  c:\git\mylabs\lab_5\lab_5.cpp(84): note: заполнители и их параметры ожидают переменное число аргументов в количестве 2, но было предоставлено 0
  c:\git\mylabs\lab_5\lab_5.cpp(84): note: отсутствующий вариативный аргумент "1" требуется для строки форматирования "%c"
  c:\git\mylabs\lab_5\lab_5.cpp(84): note: этот аргумент используется описателем преобразования
c:\git\mylabs\lab_5\lab_5.cpp(115): warning C4473: "fscanf_s": передано недостаточно аргументов для строки формата
  c:\git\mylabs\lab_5\lab_5.cpp(115): note: заполнители и их параметры ожидают переменное число аргументов в количестве 2, но было предоставлено 1
  c:\git\mylabs\lab_5\lab_5.cpp(115): note: отсутствующий вариативный аргумент "2" требуется для строки форматирования "%c"
  c:\git\mylabs\lab_5\lab_5.cpp(115): note: этот аргумент используется в качестве размера буфера
c:\git\mylabs\lab_5\lab_5.cpp(124): warning C4473: "fscanf_s": передано недостаточно аргументов для строки формата
  c:\git\mylabs\lab_5\lab_5.cpp(124): note: заполнители и их параметры ожидают переменное число аргументов в количестве 2, но было предоставлено 0
  c:\git\mylabs\lab_5\lab_5.cpp(124): note: отсутствующий вариативный аргумент "1" требуется для строки форматирования "%c"
  c:\git\mylabs\lab_5\lab_5.cpp(124): note: этот аргумент используется описателем преобразования
c:\git\mylabs\lab_5\lab_5.cpp(125): warning C4473: "fscanf_s": передано недостаточно аргументов для строки формата
  c:\git\mylabs\lab_5\lab_5.cpp(125): note: заполнители и их параметры ожидают переменное число аргументов в количестве 2, но было предоставлено 0
  c:\git\mylabs\lab_5\lab_5.cpp(125): note: отсутствующий вариативный аргумент "1" требуется для строки форматирования "%c"
  c:\git\mylabs\lab_5\lab_5.cpp(125): note: этот аргумент используется описателем преобразования
  lab_5.vcxproj -> C:\git\myLabs\Debug\lab_5.exe
